<?xml version="1.0" encoding="UTF-8"?><testrun name="Runner" project="Cucumber" tests="6" started="6" failures="2" errors="0" ignored="0">
  <testsuite name="Runner" time="0.023">
    <testsuite name="Funcionalidade: Aprender Cucumber" time="0.023">
      <testsuite name="Cenário: Testes Iniciais" time="0.006">
        <testcase name="Dado que criei o arquivo certo" classname="Cenário: Testes Iniciais" time="0.004"/>
        <testcase name="Quando executa-lo" classname="Cenário: Testes Iniciais" time="0.002"/>
        <testcase name="Então deve ter sucesso" classname="Cenário: Testes Iniciais" time="0.0"/>
      </testsuite>
      <testsuite name="Cenário: Deve incrementar O Contador" time="0.009" incomplete="true">
        <failure>java.lang.AssertionError: expected:&lt;18&gt; but was:&lt;20&gt;&#13;
	at org.junit.Assert.fail(Assert.java:88)&#13;
	at org.junit.Assert.failNotEquals(Assert.java:834)&#13;
	at org.junit.Assert.assertEquals(Assert.java:645)&#13;
	at org.junit.Assert.assertEquals(Assert.java:631)&#13;
	at Aprendendo.oValorDoContadorSerá(Aprendendo.java:38)&#13;
	at ✽.Então o valor do contador será 18(aprender.feature:12)&#13;
&#13;
</failure>
        <testcase name="Dado que o valor do contador é 15" classname="Cenário: Deve incrementar O Contador" time="0.001"/>
        <testcase name="Quando eu incrementar em 5" classname="Cenário: Deve incrementar O Contador" time="0.005"/>
        <testcase name="Então o valor do contador será 18" classname="Cenário: Deve incrementar O Contador" time="0.003">
          <failure>java.lang.AssertionError: expected:&lt;18&gt; but was:&lt;20&gt;&#13;
	at org.junit.Assert.fail(Assert.java:88)&#13;
	at org.junit.Assert.failNotEquals(Assert.java:834)&#13;
	at org.junit.Assert.assertEquals(Assert.java:645)&#13;
	at org.junit.Assert.assertEquals(Assert.java:631)&#13;
	at Aprendendo.oValorDoContadorSerá(Aprendendo.java:38)&#13;
	at ✽.Então o valor do contador será 18(aprender.feature:12)&#13;
&#13;
</failure>
        </testcase>
      </testsuite>
    </testsuite>
  </testsuite>
</testrun>
